<?xml version="1.0" encoding="UTF-8"?>
<!-- Generated by org.testng.reporters.JUnitReportReporter -->
<testsuite hostname="sheereesh-PC" failures="0" tests="3" name="testRunners.TestRun1" time="70.653" errors="0" timestamp="2021-12-29T12:25:17 IST" skipped="0">
  <testcase classname="testRunners.TestRun1" name="runScenario" time="22.606"/>
  <system-out/>
  <testcase classname="testRunners.TestRun1" name="runScenario" time="23.948"/>
  <system-out/>
  <testcase classname="testRunners.TestRun1" name="runScenario" time="24.099"/>
  <system-out/>
</testsuite> <!-- testRunners.TestRun1 -->
